<?xml version="1.0" encoding="UTF-8"?>
<!-- Generated by org.testng.reporters.JUnitReportReporter -->
<testsuite hostname="shikha-pc" failures="0" tests="3" name="TestNG.AnnotationTest" time="0.026" errors="0" timestamp="2021-01-20T19:29:01 IST" skipped="0">
  <testcase classname="TestNG.AnnotationTest" name="test1" time="0.012"/>
  <system-out/>
  <testcase classname="TestNG.AnnotationTest" name="test3" time="0.005"/>
  <system-out/>
  <testcase classname="TestNG.AnnotationTest" name="test2" time="0.009"/>
  <system-out/>
</testsuite> <!-- TestNG.AnnotationTest -->
