<?xml version="1.0" encoding="UTF-8"?>
<!-- Generated by org.testng.reporters.JUnitReportReporter -->
<testsuite hostname="shikha-pc" failures="0" tests="2" name="TestNG.GoogleTest" time="2.663" errors="0" timestamp="2020-11-18T11:56:05 IST" skipped="0">
  <testcase classname="TestNG.GoogleTest" name="GoogleLogoTest" time="2.610"/>
  <system-out/>
  <testcase classname="TestNG.GoogleTest" name="GetTitleTest" time="0.053"/>
  <system-out/>
</testsuite> <!-- TestNG.GoogleTest -->
